Arguments: 
  C:\Program Files\nodejs\node.exe C:\Users\Crislaine\AppData\Roaming\npm\node_modules\yarn\bin\yarn.js install

PATH: 
  C:\Program Files\Common Files\Oracle\Java\javapath;C:\Program Files (x86)\Common Files\Oracle\Java\javapath;C:\Windows\system32;C:\Windows;C:\Windows\System32\Wbem;C:\Windows\System32\WindowsPowerShell\v1.0\;C:\Windows\System32\OpenSSH\;C:\Program Files (x86)\NVIDIA Corporation\PhysX\Common;C:\WINDOWS\system32;C:\WINDOWS;C:\WINDOWS\System32\Wbem;C:\WINDOWS\System32\WindowsPowerShell\v1.0\;C:\WINDOWS\System32\OpenSSH\;C:\Program Files\Git\cmd;C:\Program Files\nodejs\;C:\Program Files\Docker\Docker\resources\bin;C:\ProgramData\DockerDesktop\version-bin;D:\src\flutter\bin;C:\Program Files\erl-24.1.7\bin;C:\Program Files (x86)\Elixir\bin;C:\Users\Crislaine\.mix\escripts;C:\Program Files\NVIDIA Corporation\NVIDIA NvDLISR;C:\Users\Crislaine\AppData\Local\Programs\Python\Python310\Scripts\;C:\Users\Crislaine\AppData\Local\Programs\Python\Python310\;C:\Users\Crislaine\AppData\Local\Microsoft\WindowsApps;C:\Users\Crislaine\AppData\Roaming\npm;D:\src\flutter\bin;D:\Arquivos de Programas\Microsoft VS Code\bin;C:\Users\Crislaine\AppData\Local\Yarn\bin;

Yarn version: 
  1.22.17

Node version: 
  16.13.1

Platform: 
  win32 x64

Trace: 
  Error: https://registry.yarnpkg.com/@shared%2ftypes/react: Request "https://registry.yarnpkg.com/@shared%2ftypes/react" returned a 405
      at Request.params.callback [as _callback] (C:\Users\Crislaine\AppData\Roaming\npm\node_modules\yarn\lib\cli.js:67038:18)
      at Request.self.callback (C:\Users\Crislaine\AppData\Roaming\npm\node_modules\yarn\lib\cli.js:140883:22)
      at Request.emit (node:events:390:28)
      at Request.<anonymous> (C:\Users\Crislaine\AppData\Roaming\npm\node_modules\yarn\lib\cli.js:141855:10)
      at Request.emit (node:events:390:28)
      at IncomingMessage.<anonymous> (C:\Users\Crislaine\AppData\Roaming\npm\node_modules\yarn\lib\cli.js:141777:12)
      at Object.onceWrapper (node:events:509:28)
      at IncomingMessage.emit (node:events:402:35)
      at endReadableNT (node:internal/streams/readable:1343:12)
      at processTicksAndRejections (node:internal/process/task_queues:83:21)

npm manifest: 
  {
    "name": "tgl_react_native",
    "version": "1.0.0",
    "main": "node_modules/expo/AppEntry.js",
    "scripts": {
      "start": "expo start",
      "android": "expo start --android",
      "ios": "expo start --ios",
      "web": "expo start --web",
      "eject": "expo eject"
    },
    "dependencies": {
      "@react-native-async-storage/async-storage": "^1.17.3",
      "@hookform/resolvers": "^2.8.8",
      "@react-navigation/native": "^6.0.10",
      "@react-navigation/native-stack": "^6.6.1",
      "@reduxjs/toolkit": "^1.8.1",
      "axios": "^0.26.1",
      "expo": "~44.0.0",
      "expo-app-loading": "~1.3.0",
      "expo-font": "~10.0.4",
      "expo-status-bar": "~1.2.0",
      "react": "17.0.1",
      "react-dom": "17.0.1",
      "react-hook-form": "^7.30.0",
      "react-icons": "^4.3.1",
      "react-native": "0.64.3",
      "react-native-gesture-handler": "~2.1.0",
      "react-native-ionicons": "^4.6.5",
      "react-native-safe-area-context": "3.3.2",
      "react-native-screens": "^3.13.1",
      "react-native-web": "0.17.1",
      "react-redux": "^8.0.0",
      "styled-components": "^5.3.5",
      "yup": "^0.32.11"
    },
    "devDependencies": {
      "@babel/core": "^7.12.9",
      "@shared/types/react": "18.0.0",
      "@shared/types/react-native": "^0.67.4",
      "@shared/types/react-test-renderer": "^18.0.0",
      "@shared/types/styled-components": "^5.1.25",
      "babel-plugin-module-resolver": "^4.1.0",
      "tsconfig-paths": "^3.14.1",
      "typescript": "^4.6.3"
    },
    "private": true
  }

yarn manifest: 
  No manifest

Lockfile: 
  No lockfile
